<?xml version="1.0" encoding="UTF-8"?>
<!-- Generated by org.testng.reporters.JUnitReportReporter -->
<testsuite hostname="DESKTOP-OE9L8AE" failures="0" tests="1" name="Tests.LoginTest" time="9.149" errors="0" timestamp="2024-12-05T17:20:58 IST" skipped="0">
  <testcase classname="Tests.LoginTest" name="login" time="9.149"/>
  <system-out/>
</testsuite> <!-- Tests.LoginTest -->
