<?xml version="1.0" encoding="UTF-8"?>
<!-- Generated by org.testng.reporters.JUnitReportReporter -->
<testsuite hostname="DESKTOP-ISB00PJ" failures="0" tests="1" name="Tests.LoginTest" time="16.293" errors="0" timestamp="2022-04-07T20:31:14 IST" skipped="0">
  <testcase classname="Tests.LoginTest" name="login" time="16.293"/>
  <system-out/>
</testsuite> <!-- Tests.LoginTest -->
